<?xml version="1.0" encoding="UTF-8"?>
<robot generator="Robot 3.2.1 (Python 3.8.3 on win32)" generated="20200519 18:38:17.839" rpa="false">
<suite id="s1" name="Tarea" source="D:\Development2020\RobotFramework\tarea.robot">
<test id="s1-t1" name="AP002 - Abrir Modal">
<kw name="Go To Url">
<kw name="Open Browser" library="Selenium2Library">
<doc>Opens a new browser instance to the optional ``url``.</doc>
<arguments>
<arg>${url}</arg>
<arg>${browser}</arg>
</arguments>
<msg timestamp="20200519 18:38:18.092" level="INFO">Opening browser 'Firefox' to base url 'http://www.winstoncastillo.com/udemy/'.</msg>
<msg timestamp="20200519 18:38:18.108" level="INFO">Firefox driver log is always forced to to: D:\Development2020\RobotFramework\geckodriver-21.log</msg>
<status status="PASS" starttime="20200519 18:38:18.092" endtime="20200519 18:38:29.186"></status>
</kw>
<status status="PASS" starttime="20200519 18:38:18.092" endtime="20200519 18:38:29.186"></status>
</kw>
<kw name="Title Should Be" library="Selenium2Library">
<doc>Verifies that the current page title equals ``title``.</doc>
<arguments>
<arg>${HomeTitle}</arg>
</arguments>
<msg timestamp="20200519 18:38:29.186" level="INFO">Page title is 'Hola Mundo!'.</msg>
<status status="PASS" starttime="20200519 18:38:29.186" endtime="20200519 18:38:29.186"></status>
</kw>
<kw name="Set Focus To Element" library="Selenium2Library">
<doc>Sets the focus to the element identified by ``locator``.</doc>
<arguments>
<arg>xpath=/html/body/div[1]/div/div[2]/a[2]</arg>
</arguments>
<status status="PASS" starttime="20200519 18:38:29.186" endtime="20200519 18:38:29.218"></status>
</kw>
<kw name="Click Link" library="Selenium2Library">
<doc>Clicks a link identified by ``locator``.</doc>
<arguments>
<arg>xpath=/html/body/div[1]/div/div[2]/a[2]</arg>
</arguments>
<msg timestamp="20200519 18:38:29.218" level="INFO">Clicking link 'xpath=/html/body/div[1]/div/div[2]/a[2]'.</msg>
<status status="PASS" starttime="20200519 18:38:29.218" endtime="20200519 18:38:29.483"></status>
</kw>
<kw name="Title Should Be" library="Selenium2Library">
<doc>Verifies that the current page title equals ``title``.</doc>
<arguments>
<arg>${HomeTitle}</arg>
</arguments>
<msg timestamp="20200519 18:38:29.499" level="INFO">Page title is 'Hola Mundo!'.</msg>
<status status="PASS" starttime="20200519 18:38:29.483" endtime="20200519 18:38:29.499"></status>
</kw>
<kw name="Wait Until Element Is Visible" library="Selenium2Library">
<doc>Waits until the element ``locator`` is visible.</doc>
<arguments>
<arg>xpath=/html/body/div[2]/div/div/div[2]</arg>
</arguments>
<status status="PASS" starttime="20200519 18:38:29.499" endtime="20200519 18:38:29.561"></status>
</kw>
<kw name="Close Browser" library="Selenium2Library">
<doc>Closes the current browser.</doc>
<status status="PASS" starttime="20200519 18:38:29.561" endtime="20200519 18:38:34.927"></status>
</kw>
<status status="PASS" starttime="20200519 18:38:18.092" endtime="20200519 18:38:34.927" critical="yes"></status>
</test>
<status status="PASS" starttime="20200519 18:38:17.839" endtime="20200519 18:38:34.927"></status>
</suite>
<statistics>
<total>
<stat pass="1" fail="0">Critical Tests</stat>
<stat pass="1" fail="0">All Tests</stat>
</total>
<tag>
</tag>
<suite>
<stat pass="1" fail="0" id="s1" name="Tarea">Tarea</stat>
</suite>
</statistics>
<errors>
<msg timestamp="20200519 18:38:18.092" level="WARN">Imported resource file 'D:\Development2020\RobotFramework\recursosTarea.robot' is empty.</msg>
</errors>
</robot>
